Copyright 1986-2022 Xilinx, Inc. All Rights Reserved. Copyright 2022-2026 Advanced Micro Devices, Inc. All Rights Reserved.
---------------------------------------------------------------------------------------------------------------------------------------------
| Tool Version : Vivado v.2025.2.1 (win64) Build 6403652 Thu Mar 19 19:48:24 GMT 2026
| Date         : Tue Apr 14 15:57:19 2026
| Host         : YASHAS_26 running 64-bit major release  (build 9200)
| Command      : report_control_sets -verbose -file UART_TOP_control_sets_placed.rpt
| Design       : UART_TOP
| Device       : xc7a35t
---------------------------------------------------------------------------------------------------------------------------------------------

Control Set Information

Table of Contents
-----------------
1. Summary
2. Histogram
3. Flip-Flop Distribution
4. Detailed Control Set Information

1. Summary
----------

+----------------------------------------------------------+-------+
|                          Status                          | Count |
+----------------------------------------------------------+-------+
| Total control sets                                       |     7 |
|    Minimum number of control sets                        |     7 |
|    Addition due to synthesis replication                 |     0 |
|    Addition due to physical synthesis replication        |     0 |
| Unused register locations in slices containing registers |    16 |
+----------------------------------------------------------+-------+
* Control sets can be merged at opt_design using control_set_merge or merge_equivalent_drivers
** Run report_qor_suggestions for automated merging and remapping suggestions


2. Histogram
------------

+--------------------+-------+
|       Fanout       | Count |
+--------------------+-------+
| Total control sets |     7 |
| >= 0 to < 4        |     1 |
| >= 4 to < 6        |     1 |
| >= 6 to < 8        |     0 |
| >= 8 to < 10       |     3 |
| >= 10 to < 12      |     0 |
| >= 12 to < 14      |     1 |
| >= 14 to < 16      |     0 |
| >= 16              |     1 |
+--------------------+-------+
* Control sets can be remapped at either synth_design or opt_design


3. Flip-Flop Distribution
-------------------------

+--------------+-----------------------+------------------------+-----------------+--------------+
| Clock Enable | Synchronous Set/Reset | Asynchronous Set/Reset | Total Registers | Total Slices |
+--------------+-----------------------+------------------------+-----------------+--------------+
| No           | No                    | No                     |               0 |            0 |
| No           | No                    | Yes                    |              35 |           13 |
| No           | Yes                   | No                     |               0 |            0 |
| Yes          | No                    | No                     |               0 |            0 |
| Yes          | No                    | Yes                    |              29 |           12 |
| Yes          | Yes                   | No                     |               0 |            0 |
+--------------+-----------------------+------------------------+-----------------+--------------+


4. Detailed Control Set Information
-----------------------------------

+----------------+--------------------------------------------------+-------------------------------------+------------------+----------------+--------------+
|  Clock Signal  |                   Enable Signal                  |           Set/Reset Signal          | Slice Load Count | Bel Load Count | Bels / Slice |
+----------------+--------------------------------------------------+-------------------------------------+------------------+----------------+--------------+
|  clk_IBUF_BUFG | tx_inst/busy_i_1_n_0                             | rst_IBUF                            |                1 |              1 |         1.00 |
|  clk_IBUF_BUFG | rx_inst/baud_inst/FSM_sequential_state_reg[0][0] | rst_IBUF                            |                1 |              4 |         4.00 |
|  clk_IBUF_BUFG | rx_inst/baud_inst/E[0]                           | rst_IBUF                            |                3 |              8 |         2.67 |
|  clk_IBUF_BUFG | rx_inst/baud_inst/tick_cnt_reg[3][0]             | rst_IBUF                            |                4 |              8 |         2.00 |
|  clk_IBUF_BUFG | tx_inst/baud_inst/E[0]                           | rst_IBUF                            |                3 |              8 |         2.67 |
|  clk_IBUF_BUFG |                                                  | tx_inst/baud_inst/count[12]_i_2_n_0 |                4 |             13 |         3.25 |
|  clk_IBUF_BUFG |                                                  | rst_IBUF                            |                9 |             22 |         2.44 |
+----------------+--------------------------------------------------+-------------------------------------+------------------+----------------+--------------+


