Copyright 1986-2022 Xilinx, Inc. All Rights Reserved. Copyright 2022-2026 Advanced Micro Devices, Inc. All Rights Reserved.
------------------------------------------------------------------------------------------------------------------------------------------------------------------------------------------------------------------------------------
| Tool Version : Vivado v.2025.2.1 (win64) Build 6403652 Thu Mar 19 19:48:24 GMT 2026
| Date         : Tue Apr 14 15:57:38 2026
| Host         : YASHAS_26 running 64-bit major release  (build 9200)
| Command      : report_timing_summary -max_paths 10 -routable_nets -report_unconstrained -file UART_TOP_timing_summary_routed.rpt -pb UART_TOP_timing_summary_routed.pb -rpx UART_TOP_timing_summary_routed.rpx -warn_on_violation
| Design       : UART_TOP
| Device       : 7a35t-cpg236
| Speed File   : -1  PRODUCTION 1.23 2018-06-13
| Design State : Routed
------------------------------------------------------------------------------------------------------------------------------------------------------------------------------------------------------------------------------------

Timing Summary Report

------------------------------------------------------------------------------------------------
| Timer Settings
| --------------
------------------------------------------------------------------------------------------------

  Enable Multi Corner Analysis               :  Yes
  Enable Pessimism Removal                   :  Yes
  Pessimism Removal Resolution               :  Nearest Common Node
  Enable Input Delay Default Clock           :  No
  Enable Preset / Clear Arcs                 :  No
  Disable Flight Delays                      :  No
  Ignore I/O Paths                           :  No
  Timing Early Launch at Borrowing Latches   :  No
  Borrow Time for Max Delay Exceptions       :  Yes
  Merge Timing Exceptions                    :  Yes
  Inter-SLR Compensation                     :  Conservative

  Corner  Analyze    Analyze    
  Name    Max Paths  Min Paths  
  ------  ---------  ---------  
  Slow    Yes        Yes        
  Fast    Yes        Yes        


------------------------------------------------------------------------------------------------
| Report Methodology
| ------------------
------------------------------------------------------------------------------------------------

Rule       Severity          Description                   Violations  
---------  ----------------  ----------------------------  ----------  
TIMING-17  Critical Warning  Non-clocked sequential cell   64          
LUTAR-1    Warning           LUT drives async reset alert  1           

Note: This report is based on the most recent report_methodology run and may not be up-to-date. Run report_methodology on the current design for the latest report.



check_timing report

Table of Contents
-----------------
1. checking no_clock (64)
2. checking constant_clock (0)
3. checking pulse_width_clock (0)
4. checking unconstrained_internal_endpoints (157)
5. checking no_input_delay (10)
6. checking no_output_delay (10)
7. checking multiple_clock (0)
8. checking generated_clocks (0)
9. checking loops (0)
10. checking partial_input_delay (0)
11. checking partial_output_delay (0)
12. checking latch_loops (0)

1. checking no_clock (64)
-------------------------
 There are 64 register/latch pins with no clock driven by root clock pin: clk (HIGH)


2. checking constant_clock (0)
------------------------------
 There are 0 register/latch pins with constant_clock.


3. checking pulse_width_clock (0)
---------------------------------
 There are 0 register/latch pins which need pulse_width check


4. checking unconstrained_internal_endpoints (157)
--------------------------------------------------
 There are 157 pins that are not constrained for maximum delay. (HIGH)

 There are 0 pins that are not constrained for maximum delay due to constant clock.


5. checking no_input_delay (10)
-------------------------------
 There are 10 input ports with no input delay specified. (HIGH)

 There are 0 input ports with no input delay but user has a false path constraint.


6. checking no_output_delay (10)
--------------------------------
 There are 10 ports with no output delay specified. (HIGH)

 There are 0 ports with no output delay but user has a false path constraint

 There are 0 ports with no output delay but with a timing clock defined on it or propagating through it


7. checking multiple_clock (0)
------------------------------
 There are 0 register/latch pins with multiple clocks.


8. checking generated_clocks (0)
--------------------------------
 There are 0 generated clocks that are not connected to a clock source.


9. checking loops (0)
---------------------
 There are 0 combinational loops in the design.


10. checking partial_input_delay (0)
------------------------------------
 There are 0 input ports with partial input delay specified.


11. checking partial_output_delay (0)
-------------------------------------
 There are 0 ports with partial output delay specified.


12. checking latch_loops (0)
----------------------------
 There are 0 combinational latch loops in the design through latch input



------------------------------------------------------------------------------------------------
| Design Timing Summary
| ---------------------
------------------------------------------------------------------------------------------------

    WNS(ns)      TNS(ns)  TNS Failing Endpoints  TNS Total Endpoints      WHS(ns)      THS(ns)  THS Failing Endpoints  THS Total Endpoints     WPWS(ns)     TPWS(ns)  TPWS Failing Endpoints  TPWS Total Endpoints  
    -------      -------  ---------------------  -------------------      -------      -------  ---------------------  -------------------     --------     --------  ----------------------  --------------------  
        inf        0.000                      0                  167          inf        0.000                      0                  167           NA           NA                      NA                    NA  


There are no user specified timing constraints.


------------------------------------------------------------------------------------------------
| Clock Summary
| -------------
------------------------------------------------------------------------------------------------


------------------------------------------------------------------------------------------------
| Intra Clock Table
| -----------------
------------------------------------------------------------------------------------------------

Clock             WNS(ns)      TNS(ns)  TNS Failing Endpoints  TNS Total Endpoints      WHS(ns)      THS(ns)  THS Failing Endpoints  THS Total Endpoints     WPWS(ns)     TPWS(ns)  TPWS Failing Endpoints  TPWS Total Endpoints  
-----             -------      -------  ---------------------  -------------------      -------      -------  ---------------------  -------------------     --------     --------  ----------------------  --------------------  


------------------------------------------------------------------------------------------------
| Inter Clock Table
| -----------------
------------------------------------------------------------------------------------------------

From Clock    To Clock          WNS(ns)      TNS(ns)  TNS Failing Endpoints  TNS Total Endpoints      WHS(ns)      THS(ns)  THS Failing Endpoints  THS Total Endpoints  
----------    --------          -------      -------  ---------------------  -------------------      -------      -------  ---------------------  -------------------  


------------------------------------------------------------------------------------------------
| Other Path Groups Table
| -----------------------
------------------------------------------------------------------------------------------------

Path Group    From Clock    To Clock          WNS(ns)      TNS(ns)  TNS Failing Endpoints  TNS Total Endpoints      WHS(ns)      THS(ns)  THS Failing Endpoints  THS Total Endpoints  
----------    ----------    --------          -------      -------  ---------------------  -------------------      -------      -------  ---------------------  -------------------  


------------------------------------------------------------------------------------------------
| User Ignored Path Table
| -----------------------
------------------------------------------------------------------------------------------------

Path Group    From Clock    To Clock    
----------    ----------    --------    


------------------------------------------------------------------------------------------------
| Unconstrained Path Table
| ------------------------
------------------------------------------------------------------------------------------------

Path Group    From Clock    To Clock    
----------    ----------    --------    
(none)                                    


------------------------------------------------------------------------------------------------
| Timing Details
| --------------
------------------------------------------------------------------------------------------------


--------------------------------------------------------------------------------------
Path Group:  (none)
From Clock:  
  To Clock:  

Max Delay           167 Endpoints
Min Delay           167 Endpoints
--------------------------------------------------------------------------------------


Max Delay Paths
--------------------------------------------------------------------------------------
Slack:                    inf
  Source:                 tx_inst/baud_inst/count_reg[2]/C
                            (rising edge-triggered cell FDCE)
  Destination:            tx_inst/shift_reg_reg[4]/CE
  Path Group:             (none)
  Path Type:              Max at Slow Process Corner
  Data Path Delay:        5.440ns  (logic 1.247ns (22.924%)  route 4.193ns (77.076%))
  Logic Levels:           4  (FDCE=1 LUT4=1 LUT5=1 LUT6=1)

    Location             Delay type                Incr(ns)  Path(ns)    Netlist Resource(s)
  -------------------------------------------------------------------    -------------------
    SLICE_X2Y14          FDCE                         0.000     0.000 r  tx_inst/baud_inst/count_reg[2]/C
    SLICE_X2Y14          FDCE (Prop_fdce_C_Q)         0.478     0.478 r  tx_inst/baud_inst/count_reg[2]/Q
                         net (fo=2, routed)           1.530     2.008    tx_inst/baud_inst/count[2]
    SLICE_X2Y16          LUT5 (Prop_lut5_I3_O)        0.317     2.325 f  tx_inst/baud_inst/FSM_sequential_state[1]_i_4/O
                         net (fo=1, routed)           0.853     3.178    tx_inst/baud_inst/FSM_sequential_state[1]_i_4_n_0
    SLICE_X2Y15          LUT6 (Prop_lut6_I5_O)        0.328     3.506 f  tx_inst/baud_inst/FSM_sequential_state[1]_i_2/O
                         net (fo=18, routed)          1.133     4.639    tx_inst/baud_inst/count_reg[4]_0
    SLICE_X1Y13          LUT4 (Prop_lut4_I0_O)        0.124     4.763 r  tx_inst/baud_inst/shift_reg[7]_i_1/O
                         net (fo=8, routed)           0.677     5.440    tx_inst/shift_reg_0[0]
    SLICE_X0Y15          FDCE                                         r  tx_inst/shift_reg_reg[4]/CE
  -------------------------------------------------------------------    -------------------

Slack:                    inf
  Source:                 tx_inst/baud_inst/count_reg[2]/C
                            (rising edge-triggered cell FDCE)
  Destination:            tx_inst/shift_reg_reg[5]/CE
  Path Group:             (none)
  Path Type:              Max at Slow Process Corner
  Data Path Delay:        5.440ns  (logic 1.247ns (22.924%)  route 4.193ns (77.076%))
  Logic Levels:           4  (FDCE=1 LUT4=1 LUT5=1 LUT6=1)

    Location             Delay type                Incr(ns)  Path(ns)    Netlist Resource(s)
  -------------------------------------------------------------------    -------------------
    SLICE_X2Y14          FDCE                         0.000     0.000 r  tx_inst/baud_inst/count_reg[2]/C
    SLICE_X2Y14          FDCE (Prop_fdce_C_Q)         0.478     0.478 r  tx_inst/baud_inst/count_reg[2]/Q
                         net (fo=2, routed)           1.530     2.008    tx_inst/baud_inst/count[2]
    SLICE_X2Y16          LUT5 (Prop_lut5_I3_O)        0.317     2.325 f  tx_inst/baud_inst/FSM_sequential_state[1]_i_4/O
                         net (fo=1, routed)           0.853     3.178    tx_inst/baud_inst/FSM_sequential_state[1]_i_4_n_0
    SLICE_X2Y15          LUT6 (Prop_lut6_I5_O)        0.328     3.506 f  tx_inst/baud_inst/FSM_sequential_state[1]_i_2/O
                         net (fo=18, routed)          1.133     4.639    tx_inst/baud_inst/count_reg[4]_0
    SLICE_X1Y13          LUT4 (Prop_lut4_I0_O)        0.124     4.763 r  tx_inst/baud_inst/shift_reg[7]_i_1/O
                         net (fo=8, routed)           0.677     5.440    tx_inst/shift_reg_0[0]
    SLICE_X0Y15          FDCE                                         r  tx_inst/shift_reg_reg[5]/CE
  -------------------------------------------------------------------    -------------------

Slack:                    inf
  Source:                 tx_inst/baud_inst/count_reg[2]/C
                            (rising edge-triggered cell FDCE)
  Destination:            tx_inst/shift_reg_reg[6]/CE
  Path Group:             (none)
  Path Type:              Max at Slow Process Corner
  Data Path Delay:        5.440ns  (logic 1.247ns (22.924%)  route 4.193ns (77.076%))
  Logic Levels:           4  (FDCE=1 LUT4=1 LUT5=1 LUT6=1)

    Location             Delay type                Incr(ns)  Path(ns)    Netlist Resource(s)
  -------------------------------------------------------------------    -------------------
    SLICE_X2Y14          FDCE                         0.000     0.000 r  tx_inst/baud_inst/count_reg[2]/C
    SLICE_X2Y14          FDCE (Prop_fdce_C_Q)         0.478     0.478 r  tx_inst/baud_inst/count_reg[2]/Q
                         net (fo=2, routed)           1.530     2.008    tx_inst/baud_inst/count[2]
    SLICE_X2Y16          LUT5 (Prop_lut5_I3_O)        0.317     2.325 f  tx_inst/baud_inst/FSM_sequential_state[1]_i_4/O
                         net (fo=1, routed)           0.853     3.178    tx_inst/baud_inst/FSM_sequential_state[1]_i_4_n_0
    SLICE_X2Y15          LUT6 (Prop_lut6_I5_O)        0.328     3.506 f  tx_inst/baud_inst/FSM_sequential_state[1]_i_2/O
                         net (fo=18, routed)          1.133     4.639    tx_inst/baud_inst/count_reg[4]_0
    SLICE_X1Y13          LUT4 (Prop_lut4_I0_O)        0.124     4.763 r  tx_inst/baud_inst/shift_reg[7]_i_1/O
                         net (fo=8, routed)           0.677     5.440    tx_inst/shift_reg_0[0]
    SLICE_X0Y15          FDCE                                         r  tx_inst/shift_reg_reg[6]/CE
  -------------------------------------------------------------------    -------------------

Slack:                    inf
  Source:                 tx_inst/baud_inst/count_reg[2]/C
                            (rising edge-triggered cell FDCE)
  Destination:            tx_inst/shift_reg_reg[7]/CE
  Path Group:             (none)
  Path Type:              Max at Slow Process Corner
  Data Path Delay:        5.440ns  (logic 1.247ns (22.924%)  route 4.193ns (77.076%))
  Logic Levels:           4  (FDCE=1 LUT4=1 LUT5=1 LUT6=1)

    Location             Delay type                Incr(ns)  Path(ns)    Netlist Resource(s)
  -------------------------------------------------------------------    -------------------
    SLICE_X2Y14          FDCE                         0.000     0.000 r  tx_inst/baud_inst/count_reg[2]/C
    SLICE_X2Y14          FDCE (Prop_fdce_C_Q)         0.478     0.478 r  tx_inst/baud_inst/count_reg[2]/Q
                         net (fo=2, routed)           1.530     2.008    tx_inst/baud_inst/count[2]
    SLICE_X2Y16          LUT5 (Prop_lut5_I3_O)        0.317     2.325 f  tx_inst/baud_inst/FSM_sequential_state[1]_i_4/O
                         net (fo=1, routed)           0.853     3.178    tx_inst/baud_inst/FSM_sequential_state[1]_i_4_n_0
    SLICE_X2Y15          LUT6 (Prop_lut6_I5_O)        0.328     3.506 f  tx_inst/baud_inst/FSM_sequential_state[1]_i_2/O
                         net (fo=18, routed)          1.133     4.639    tx_inst/baud_inst/count_reg[4]_0
    SLICE_X1Y13          LUT4 (Prop_lut4_I0_O)        0.124     4.763 r  tx_inst/baud_inst/shift_reg[7]_i_1/O
                         net (fo=8, routed)           0.677     5.440    tx_inst/shift_reg_0[0]
    SLICE_X0Y15          FDCE                                         r  tx_inst/shift_reg_reg[7]/CE
  -------------------------------------------------------------------    -------------------

Slack:                    inf
  Source:                 tx_inst/baud_inst/count_reg[2]/C
                            (rising edge-triggered cell FDCE)
  Destination:            tx_inst/FSM_sequential_state_reg[1]/D
  Path Group:             (none)
  Path Type:              Max at Slow Process Corner
  Data Path Delay:        5.435ns  (logic 1.275ns (23.461%)  route 4.160ns (76.539%))
  Logic Levels:           4  (FDCE=1 LUT3=1 LUT5=1 LUT6=1)

    Location             Delay type                Incr(ns)  Path(ns)    Netlist Resource(s)
  -------------------------------------------------------------------    -------------------
    SLICE_X2Y14          FDCE                         0.000     0.000 r  tx_inst/baud_inst/count_reg[2]/C
    SLICE_X2Y14          FDCE (Prop_fdce_C_Q)         0.478     0.478 f  tx_inst/baud_inst/count_reg[2]/Q
                         net (fo=2, routed)           1.530     2.008    tx_inst/baud_inst/count[2]
    SLICE_X2Y16          LUT5 (Prop_lut5_I3_O)        0.317     2.325 r  tx_inst/baud_inst/FSM_sequential_state[1]_i_4/O
                         net (fo=1, routed)           0.853     3.178    tx_inst/baud_inst/FSM_sequential_state[1]_i_4_n_0
    SLICE_X2Y15          LUT6 (Prop_lut6_I5_O)        0.328     3.506 r  tx_inst/baud_inst/FSM_sequential_state[1]_i_2/O
                         net (fo=18, routed)          1.133     4.639    tx_inst/baud_inst/count_reg[4]_0
    SLICE_X1Y13          LUT3 (Prop_lut3_I1_O)        0.152     4.791 r  tx_inst/baud_inst/FSM_sequential_state[1]_i_1/O
                         net (fo=1, routed)           0.644     5.435    tx_inst/baud_inst_n_2
    SLICE_X1Y13          FDCE                                         r  tx_inst/FSM_sequential_state_reg[1]/D
  -------------------------------------------------------------------    -------------------

Slack:                    inf
  Source:                 tx_inst/baud_inst/count_reg[2]/C
                            (rising edge-triggered cell FDCE)
  Destination:            tx_inst/shift_reg_reg[2]/CE
  Path Group:             (none)
  Path Type:              Max at Slow Process Corner
  Data Path Delay:        5.299ns  (logic 1.247ns (23.533%)  route 4.052ns (76.467%))
  Logic Levels:           4  (FDCE=1 LUT4=1 LUT5=1 LUT6=1)

    Location             Delay type                Incr(ns)  Path(ns)    Netlist Resource(s)
  -------------------------------------------------------------------    -------------------
    SLICE_X2Y14          FDCE                         0.000     0.000 r  tx_inst/baud_inst/count_reg[2]/C
    SLICE_X2Y14          FDCE (Prop_fdce_C_Q)         0.478     0.478 r  tx_inst/baud_inst/count_reg[2]/Q
                         net (fo=2, routed)           1.530     2.008    tx_inst/baud_inst/count[2]
    SLICE_X2Y16          LUT5 (Prop_lut5_I3_O)        0.317     2.325 f  tx_inst/baud_inst/FSM_sequential_state[1]_i_4/O
                         net (fo=1, routed)           0.853     3.178    tx_inst/baud_inst/FSM_sequential_state[1]_i_4_n_0
    SLICE_X2Y15          LUT6 (Prop_lut6_I5_O)        0.328     3.506 f  tx_inst/baud_inst/FSM_sequential_state[1]_i_2/O
                         net (fo=18, routed)          1.133     4.639    tx_inst/baud_inst/count_reg[4]_0
    SLICE_X1Y13          LUT4 (Prop_lut4_I0_O)        0.124     4.763 r  tx_inst/baud_inst/shift_reg[7]_i_1/O
                         net (fo=8, routed)           0.536     5.299    tx_inst/shift_reg_0[0]
    SLICE_X0Y14          FDCE                                         r  tx_inst/shift_reg_reg[2]/CE
  -------------------------------------------------------------------    -------------------

Slack:                    inf
  Source:                 tx_inst/baud_inst/count_reg[2]/C
                            (rising edge-triggered cell FDCE)
  Destination:            tx_inst/shift_reg_reg[3]/CE
  Path Group:             (none)
  Path Type:              Max at Slow Process Corner
  Data Path Delay:        5.299ns  (logic 1.247ns (23.533%)  route 4.052ns (76.467%))
  Logic Levels:           4  (FDCE=1 LUT4=1 LUT5=1 LUT6=1)

    Location             Delay type                Incr(ns)  Path(ns)    Netlist Resource(s)
  -------------------------------------------------------------------    -------------------
    SLICE_X2Y14          FDCE                         0.000     0.000 r  tx_inst/baud_inst/count_reg[2]/C
    SLICE_X2Y14          FDCE (Prop_fdce_C_Q)         0.478     0.478 r  tx_inst/baud_inst/count_reg[2]/Q
                         net (fo=2, routed)           1.530     2.008    tx_inst/baud_inst/count[2]
    SLICE_X2Y16          LUT5 (Prop_lut5_I3_O)        0.317     2.325 f  tx_inst/baud_inst/FSM_sequential_state[1]_i_4/O
                         net (fo=1, routed)           0.853     3.178    tx_inst/baud_inst/FSM_sequential_state[1]_i_4_n_0
    SLICE_X2Y15          LUT6 (Prop_lut6_I5_O)        0.328     3.506 f  tx_inst/baud_inst/FSM_sequential_state[1]_i_2/O
                         net (fo=18, routed)          1.133     4.639    tx_inst/baud_inst/count_reg[4]_0
    SLICE_X1Y13          LUT4 (Prop_lut4_I0_O)        0.124     4.763 r  tx_inst/baud_inst/shift_reg[7]_i_1/O
                         net (fo=8, routed)           0.536     5.299    tx_inst/shift_reg_0[0]
    SLICE_X0Y14          FDCE                                         r  tx_inst/shift_reg_reg[3]/CE
  -------------------------------------------------------------------    -------------------

Slack:                    inf
  Source:                 tx_inst/baud_inst/count_reg[2]/C
                            (rising edge-triggered cell FDCE)
  Destination:            tx_inst/shift_reg_reg[0]/CE
  Path Group:             (none)
  Path Type:              Max at Slow Process Corner
  Data Path Delay:        5.295ns  (logic 1.247ns (23.551%)  route 4.048ns (76.449%))
  Logic Levels:           4  (FDCE=1 LUT4=1 LUT5=1 LUT6=1)

    Location             Delay type                Incr(ns)  Path(ns)    Netlist Resource(s)
  -------------------------------------------------------------------    -------------------
    SLICE_X2Y14          FDCE                         0.000     0.000 r  tx_inst/baud_inst/count_reg[2]/C
    SLICE_X2Y14          FDCE (Prop_fdce_C_Q)         0.478     0.478 r  tx_inst/baud_inst/count_reg[2]/Q
                         net (fo=2, routed)           1.530     2.008    tx_inst/baud_inst/count[2]
    SLICE_X2Y16          LUT5 (Prop_lut5_I3_O)        0.317     2.325 f  tx_inst/baud_inst/FSM_sequential_state[1]_i_4/O
                         net (fo=1, routed)           0.853     3.178    tx_inst/baud_inst/FSM_sequential_state[1]_i_4_n_0
    SLICE_X2Y15          LUT6 (Prop_lut6_I5_O)        0.328     3.506 f  tx_inst/baud_inst/FSM_sequential_state[1]_i_2/O
                         net (fo=18, routed)          1.133     4.639    tx_inst/baud_inst/count_reg[4]_0
    SLICE_X1Y13          LUT4 (Prop_lut4_I0_O)        0.124     4.763 r  tx_inst/baud_inst/shift_reg[7]_i_1/O
                         net (fo=8, routed)           0.532     5.295    tx_inst/shift_reg_0[0]
    SLICE_X0Y12          FDCE                                         r  tx_inst/shift_reg_reg[0]/CE
  -------------------------------------------------------------------    -------------------

Slack:                    inf
  Source:                 tx_inst/baud_inst/count_reg[2]/C
                            (rising edge-triggered cell FDCE)
  Destination:            tx_inst/shift_reg_reg[1]/CE
  Path Group:             (none)
  Path Type:              Max at Slow Process Corner
  Data Path Delay:        5.295ns  (logic 1.247ns (23.551%)  route 4.048ns (76.449%))
  Logic Levels:           4  (FDCE=1 LUT4=1 LUT5=1 LUT6=1)

    Location             Delay type                Incr(ns)  Path(ns)    Netlist Resource(s)
  -------------------------------------------------------------------    -------------------
    SLICE_X2Y14          FDCE                         0.000     0.000 r  tx_inst/baud_inst/count_reg[2]/C
    SLICE_X2Y14          FDCE (Prop_fdce_C_Q)         0.478     0.478 r  tx_inst/baud_inst/count_reg[2]/Q
                         net (fo=2, routed)           1.530     2.008    tx_inst/baud_inst/count[2]
    SLICE_X2Y16          LUT5 (Prop_lut5_I3_O)        0.317     2.325 f  tx_inst/baud_inst/FSM_sequential_state[1]_i_4/O
                         net (fo=1, routed)           0.853     3.178    tx_inst/baud_inst/FSM_sequential_state[1]_i_4_n_0
    SLICE_X2Y15          LUT6 (Prop_lut6_I5_O)        0.328     3.506 f  tx_inst/baud_inst/FSM_sequential_state[1]_i_2/O
                         net (fo=18, routed)          1.133     4.639    tx_inst/baud_inst/count_reg[4]_0
    SLICE_X1Y13          LUT4 (Prop_lut4_I0_O)        0.124     4.763 r  tx_inst/baud_inst/shift_reg[7]_i_1/O
                         net (fo=8, routed)           0.532     5.295    tx_inst/shift_reg_0[0]
    SLICE_X0Y12          FDCE                                         r  tx_inst/shift_reg_reg[1]/CE
  -------------------------------------------------------------------    -------------------

Slack:                    inf
  Source:                 tx_inst/busy_reg/C
                            (rising edge-triggered cell FDCE)
  Destination:            busy
                            (output port)
  Path Group:             (none)
  Path Type:              Max at Slow Process Corner
  Data Path Delay:        4.976ns  (logic 3.070ns (61.689%)  route 1.907ns (38.311%))
  Logic Levels:           2  (FDCE=1 OBUF=1)

    Location             Delay type                Incr(ns)  Path(ns)    Netlist Resource(s)
  -------------------------------------------------------------------    -------------------
    SLICE_X0Y13          FDCE                         0.000     0.000 r  tx_inst/busy_reg/C
    SLICE_X0Y13          FDCE (Prop_fdce_C_Q)         0.456     0.456 r  tx_inst/busy_reg/Q
                         net (fo=1, routed)           1.907     2.363    busy_OBUF
    V15                  OBUF (Prop_obuf_I_O)         2.614     4.976 r  busy_OBUF_inst/O
                         net (fo=0)                   0.000     4.976    busy
    V15                                                               r  busy (OUT)
  -------------------------------------------------------------------    -------------------





Min Delay Paths
--------------------------------------------------------------------------------------
Slack:                    inf
  Source:                 rx_inst/shift_reg_reg[1]/C
                            (rising edge-triggered cell FDCE)
  Destination:            rx_inst/data_out_reg[1]/D
  Path Group:             (none)
  Path Type:              Min at Fast Process Corner
  Data Path Delay:        0.265ns  (logic 0.141ns (53.299%)  route 0.124ns (46.701%))
  Logic Levels:           1  (FDCE=1)

    Location             Delay type                Incr(ns)  Path(ns)    Netlist Resource(s)
  -------------------------------------------------------------------    -------------------
    SLICE_X1Y3           FDCE                         0.000     0.000 r  rx_inst/shift_reg_reg[1]/C
    SLICE_X1Y3           FDCE (Prop_fdce_C_Q)         0.141     0.141 r  rx_inst/shift_reg_reg[1]/Q
                         net (fo=2, routed)           0.124     0.265    rx_inst/shift_reg_reg_n_0_[1]
    SLICE_X0Y2           FDCE                                         r  rx_inst/data_out_reg[1]/D
  -------------------------------------------------------------------    -------------------

Slack:                    inf
  Source:                 rx_inst/shift_reg_reg[3]/C
                            (rising edge-triggered cell FDCE)
  Destination:            rx_inst/data_out_reg[3]/D
  Path Group:             (none)
  Path Type:              Min at Fast Process Corner
  Data Path Delay:        0.267ns  (logic 0.141ns (52.900%)  route 0.126ns (47.100%))
  Logic Levels:           1  (FDCE=1)

    Location             Delay type                Incr(ns)  Path(ns)    Netlist Resource(s)
  -------------------------------------------------------------------    -------------------
    SLICE_X1Y3           FDCE                         0.000     0.000 r  rx_inst/shift_reg_reg[3]/C
    SLICE_X1Y3           FDCE (Prop_fdce_C_Q)         0.141     0.141 r  rx_inst/shift_reg_reg[3]/Q
                         net (fo=2, routed)           0.126     0.267    rx_inst/shift_reg_reg_n_0_[3]
    SLICE_X0Y3           FDCE                                         r  rx_inst/data_out_reg[3]/D
  -------------------------------------------------------------------    -------------------

Slack:                    inf
  Source:                 tx_inst/shift_reg_reg[0]/C
                            (rising edge-triggered cell FDCE)
  Destination:            tx_inst/tx_reg/D
  Path Group:             (none)
  Path Type:              Min at Fast Process Corner
  Data Path Delay:        0.272ns  (logic 0.186ns (68.463%)  route 0.086ns (31.537%))
  Logic Levels:           2  (FDCE=1 LUT3=1)

    Location             Delay type                Incr(ns)  Path(ns)    Netlist Resource(s)
  -------------------------------------------------------------------    -------------------
    SLICE_X0Y12          FDCE                         0.000     0.000 r  tx_inst/shift_reg_reg[0]/C
    SLICE_X0Y12          FDCE (Prop_fdce_C_Q)         0.141     0.141 r  tx_inst/shift_reg_reg[0]/Q
                         net (fo=1, routed)           0.086     0.227    tx_inst/shift_reg_reg_n_0_[0]
    SLICE_X1Y12          LUT3 (Prop_lut3_I2_O)        0.045     0.272 r  tx_inst/tx_i_1/O
                         net (fo=1, routed)           0.000     0.272    tx_inst/tx_i_1_n_0
    SLICE_X1Y12          FDPE                                         r  tx_inst/tx_reg/D
  -------------------------------------------------------------------    -------------------

Slack:                    inf
  Source:                 tx_inst/bit_cnt_reg[2]/C
                            (rising edge-triggered cell FDCE)
  Destination:            tx_inst/FSM_sequential_state_reg[0]/D
  Path Group:             (none)
  Path Type:              Min at Fast Process Corner
  Data Path Delay:        0.302ns  (logic 0.186ns (61.575%)  route 0.116ns (38.425%))
  Logic Levels:           2  (FDCE=1 LUT6=1)

    Location             Delay type                Incr(ns)  Path(ns)    Netlist Resource(s)
  -------------------------------------------------------------------    -------------------
    SLICE_X1Y14          FDCE                         0.000     0.000 r  tx_inst/bit_cnt_reg[2]/C
    SLICE_X1Y14          FDCE (Prop_fdce_C_Q)         0.141     0.141 r  tx_inst/bit_cnt_reg[2]/Q
                         net (fo=4, routed)           0.116     0.257    tx_inst/baud_inst/FSM_sequential_state_reg[0]
    SLICE_X1Y13          LUT6 (Prop_lut6_I1_O)        0.045     0.302 r  tx_inst/baud_inst/FSM_sequential_state[0]_i_1/O
                         net (fo=1, routed)           0.000     0.302    tx_inst/baud_inst_n_0
    SLICE_X1Y13          FDCE                                         r  tx_inst/FSM_sequential_state_reg[0]/D
  -------------------------------------------------------------------    -------------------

Slack:                    inf
  Source:                 rx_inst/shift_reg_reg[6]/C
                            (rising edge-triggered cell FDCE)
  Destination:            rx_inst/data_out_reg[6]/D
  Path Group:             (none)
  Path Type:              Min at Fast Process Corner
  Data Path Delay:        0.316ns  (logic 0.141ns (44.655%)  route 0.175ns (55.345%))
  Logic Levels:           1  (FDCE=1)

    Location             Delay type                Incr(ns)  Path(ns)    Netlist Resource(s)
  -------------------------------------------------------------------    -------------------
    SLICE_X1Y7           FDCE                         0.000     0.000 r  rx_inst/shift_reg_reg[6]/C
    SLICE_X1Y7           FDCE (Prop_fdce_C_Q)         0.141     0.141 r  rx_inst/shift_reg_reg[6]/Q
                         net (fo=2, routed)           0.175     0.316    rx_inst/shift_reg_reg_n_0_[6]
    SLICE_X0Y5           FDCE                                         r  rx_inst/data_out_reg[6]/D
  -------------------------------------------------------------------    -------------------

Slack:                    inf
  Source:                 rx_inst/shift_reg_reg[6]/C
                            (rising edge-triggered cell FDCE)
  Destination:            rx_inst/shift_reg_reg[5]/D
  Path Group:             (none)
  Path Type:              Min at Fast Process Corner
  Data Path Delay:        0.316ns  (logic 0.141ns (44.655%)  route 0.175ns (55.345%))
  Logic Levels:           1  (FDCE=1)

    Location             Delay type                Incr(ns)  Path(ns)    Netlist Resource(s)
  -------------------------------------------------------------------    -------------------
    SLICE_X1Y7           FDCE                         0.000     0.000 r  rx_inst/shift_reg_reg[6]/C
    SLICE_X1Y7           FDCE (Prop_fdce_C_Q)         0.141     0.141 r  rx_inst/shift_reg_reg[6]/Q
                         net (fo=2, routed)           0.175     0.316    rx_inst/shift_reg_reg_n_0_[6]
    SLICE_X1Y5           FDCE                                         r  rx_inst/shift_reg_reg[5]/D
  -------------------------------------------------------------------    -------------------

Slack:                    inf
  Source:                 rx_inst/shift_reg_reg[4]/C
                            (rising edge-triggered cell FDCE)
  Destination:            rx_inst/data_out_reg[4]/D
  Path Group:             (none)
  Path Type:              Min at Fast Process Corner
  Data Path Delay:        0.319ns  (logic 0.141ns (44.235%)  route 0.178ns (55.765%))
  Logic Levels:           1  (FDCE=1)

    Location             Delay type                Incr(ns)  Path(ns)    Netlist Resource(s)
  -------------------------------------------------------------------    -------------------
    SLICE_X1Y5           FDCE                         0.000     0.000 r  rx_inst/shift_reg_reg[4]/C
    SLICE_X1Y5           FDCE (Prop_fdce_C_Q)         0.141     0.141 r  rx_inst/shift_reg_reg[4]/Q
                         net (fo=2, routed)           0.178     0.319    rx_inst/shift_reg_reg_n_0_[4]
    SLICE_X0Y3           FDCE                                         r  rx_inst/data_out_reg[4]/D
  -------------------------------------------------------------------    -------------------

Slack:                    inf
  Source:                 rx_inst/shift_reg_reg[0]/C
                            (rising edge-triggered cell FDCE)
  Destination:            rx_inst/data_out_reg[0]/D
  Path Group:             (none)
  Path Type:              Min at Fast Process Corner
  Data Path Delay:        0.319ns  (logic 0.141ns (44.201%)  route 0.178ns (55.799%))
  Logic Levels:           1  (FDCE=1)

    Location             Delay type                Incr(ns)  Path(ns)    Netlist Resource(s)
  -------------------------------------------------------------------    -------------------
    SLICE_X1Y3           FDCE                         0.000     0.000 r  rx_inst/shift_reg_reg[0]/C
    SLICE_X1Y3           FDCE (Prop_fdce_C_Q)         0.141     0.141 r  rx_inst/shift_reg_reg[0]/Q
                         net (fo=1, routed)           0.178     0.319    rx_inst/shift_reg_reg_n_0_[0]
    SLICE_X0Y2           FDCE                                         r  rx_inst/data_out_reg[0]/D
  -------------------------------------------------------------------    -------------------

Slack:                    inf
  Source:                 rx_inst/baud_inst/count_reg[5]/C
                            (rising edge-triggered cell FDCE)
  Destination:            rx_inst/baud_inst/count_reg[5]/D
  Path Group:             (none)
  Path Type:              Min at Fast Process Corner
  Data Path Delay:        0.330ns  (logic 0.186ns (56.394%)  route 0.144ns (43.606%))
  Logic Levels:           2  (FDCE=1 LUT6=1)

    Location             Delay type                Incr(ns)  Path(ns)    Netlist Resource(s)
  -------------------------------------------------------------------    -------------------
    SLICE_X3Y8           FDCE                         0.000     0.000 r  rx_inst/baud_inst/count_reg[5]/C
    SLICE_X3Y8           FDCE (Prop_fdce_C_Q)         0.141     0.141 r  rx_inst/baud_inst/count_reg[5]/Q
                         net (fo=6, routed)           0.144     0.285    rx_inst/baud_inst/count_reg_n_0_[5]
    SLICE_X3Y8           LUT6 (Prop_lut6_I0_O)        0.045     0.330 r  rx_inst/baud_inst/count[5]_i_1__0/O
                         net (fo=1, routed)           0.000     0.330    rx_inst/baud_inst/count[5]_i_1__0_n_0
    SLICE_X3Y8           FDCE                                         r  rx_inst/baud_inst/count_reg[5]/D
  -------------------------------------------------------------------    -------------------

Slack:                    inf
  Source:                 tx_inst/bit_cnt_reg[1]/C
                            (rising edge-triggered cell FDCE)
  Destination:            tx_inst/bit_cnt_reg[1]/D
  Path Group:             (none)
  Path Type:              Min at Fast Process Corner
  Data Path Delay:        0.331ns  (logic 0.186ns (56.223%)  route 0.145ns (43.777%))
  Logic Levels:           2  (FDCE=1 LUT6=1)

    Location             Delay type                Incr(ns)  Path(ns)    Netlist Resource(s)
  -------------------------------------------------------------------    -------------------
    SLICE_X1Y14          FDCE                         0.000     0.000 r  tx_inst/bit_cnt_reg[1]/C
    SLICE_X1Y14          FDCE (Prop_fdce_C_Q)         0.141     0.141 r  tx_inst/bit_cnt_reg[1]/Q
                         net (fo=4, routed)           0.145     0.286    tx_inst/bit_cnt_reg_n_0_[1]
    SLICE_X1Y14          LUT6 (Prop_lut6_I2_O)        0.045     0.331 r  tx_inst/bit_cnt[1]_i_1/O
                         net (fo=1, routed)           0.000     0.331    tx_inst/bit_cnt[1]_i_1_n_0
    SLICE_X1Y14          FDCE                                         r  tx_inst/bit_cnt_reg[1]/D
  -------------------------------------------------------------------    -------------------





